[03-May-2025 16:24:56 UTC] Inserting set for exercise ID 39: weight=0, reps=8, rpe=3
[03-May-2025 16:24:56 UTC] Inserting set for exercise ID 39: weight=0, reps=8, rpe=1
[03-May-2025 16:24:56 UTC] Inserting set for exercise ID 39: weight=0, reps=8, rpe=1
[03-May-2025 17:17:01 UTC] Processing Set Data: Array
(
    [weight] => 0
    [reps] => 0
    [rpe] => 3
)

[03-May-2025 17:17:01 UTC] Inserting set for exercise ID 40: weight=0, reps=0, rpe=3
[03-May-2025 17:17:01 UTC] Processing Set Data: Array
(
    [weight] => 0
    [reps] => 0
    [rpe] => 3
)

[03-May-2025 17:17:01 UTC] Inserting set for exercise ID 40: weight=0, reps=0, rpe=3
[03-May-2025 17:17:01 UTC] Processing Set Data: Array
(
    [weight] => 0
    [reps] => 0
    [rpe] => 3
)

[03-May-2025 17:17:01 UTC] Inserting set for exercise ID 40: weight=0, reps=0, rpe=3
[03-May-2025 17:40:34 UTC] Processing Set Data: Array
(
    [weight] => 0
    [reps] => 8
    [rpe] => 3
)

[03-May-2025 17:40:34 UTC] Inserting set for exercise ID 41: weight=0, reps=8, rpe=3
[03-May-2025 17:40:34 UTC] Processing Set Data: Array
(
    [weight] => 0
    [reps] => 8
    [rpe] => 3
)

[03-May-2025 17:40:34 UTC] Inserting set for exercise ID 41: weight=0, reps=8, rpe=3
[03-May-2025 17:47:20 UTC] Processing Set Data: Array
(
    [weight] => 30
    [reps] => 18
    [rpe] => 3
)

[03-May-2025 17:47:20 UTC] Inserting set for exercise ID 42: weight=30, reps=18, rpe=3
[03-May-2025 17:47:20 UTC] Processing Set Data: Array
(
    [weight] => 32
    [reps] => 20
    [rpe] => 3
)

[03-May-2025 17:47:20 UTC] Inserting set for exercise ID 42: weight=32, reps=20, rpe=3
[03-May-2025 17:47:20 UTC] Processing Set Data: Array
(
    [weight] => 25
    [reps] => 15
    [rpe] => 3
)

[03-May-2025 17:47:20 UTC] Inserting set for exercise ID 42: weight=25, reps=15, rpe=3
[03-May-2025 17:59:49 UTC] Processing Set Data: Array
(
    [weight] => 10
    [reps] => 18
    [rpe] => 1
)

[03-May-2025 17:59:49 UTC] Inserting set for exercise ID 43: weight=10, reps=18, rpe=1
[03-May-2025 17:59:49 UTC] Processing Set Data: Array
(
    [weight] => 10
    [reps] => 18
    [rpe] => 1
)

[03-May-2025 17:59:49 UTC] Inserting set for exercise ID 43: weight=10, reps=18, rpe=1
[03-May-2025 17:59:49 UTC] Processing Set Data: Array
(
    [weight] => 10
    [reps] => 18
    [rpe] => 1
)

[03-May-2025 17:59:49 UTC] Inserting set for exercise ID 43: weight=10, reps=18, rpe=1
[03-May-2025 19:51:34 UTC] Processing Set Data: Array
(
    [weight] => 10
    [reps] => 8
    [rpe] => 3
)

[03-May-2025 19:51:34 UTC] Inserting set for exercise ID 44: weight=10, reps=8, rpe=3
[03-May-2025 19:51:34 UTC] Processing Set Data: Array
(
    [weight] => 10
    [reps] => 8
    [rpe] => 3
)

[03-May-2025 19:51:34 UTC] Inserting set for exercise ID 44: weight=10, reps=8, rpe=3
[03-May-2025 19:51:34 UTC] Processing Set Data: Array
(
    [weight] => 10
    [reps] => 8
    [rpe] => 3
)

[03-May-2025 19:51:34 UTC] Inserting set for exercise ID 44: weight=10, reps=8, rpe=3
[03-May-2025 19:56:24 UTC] Processing Set Data: Array
(
    [weight] => 10
    [reps] => 8
    [rpe] => 3
)

[03-May-2025 19:56:24 UTC] Inserting set for exercise ID 45: weight=10, reps=8, rpe=3
[03-May-2025 19:56:24 UTC] Processing Set Data: Array
(
    [weight] => 10
    [reps] => 8
    [rpe] => 3
)

[03-May-2025 19:56:24 UTC] Inserting set for exercise ID 45: weight=10, reps=8, rpe=3
[03-May-2025 19:56:24 UTC] Processing Set Data: Array
(
    [weight] => 10
    [reps] => 8
    [rpe] => 3
)

[03-May-2025 19:56:24 UTC] Inserting set for exercise ID 45: weight=10, reps=8, rpe=3
[03-May-2025 20:01:35 UTC] Processing Set Data: Array
(
    [weight] => 10
    [reps] => 8
    [rpe] => 3
)

[03-May-2025 20:01:35 UTC] Inserting set for exercise ID 46: weight=10, reps=8, rpe=3
[03-May-2025 20:01:35 UTC] Processing Set Data: Array
(
    [weight] => 10
    [reps] => 8
    [rpe] => 3
)

[03-May-2025 20:01:35 UTC] Inserting set for exercise ID 46: weight=10, reps=8, rpe=3
[03-May-2025 20:01:35 UTC] Processing Set Data: Array
(
    [weight] => 10
    [reps] => 8
    [rpe] => 3
)

[03-May-2025 20:01:35 UTC] Inserting set for exercise ID 46: weight=10, reps=8, rpe=3
[03-May-2025 20:10:17 UTC] Processing Set Data: Array
(
    [weight] => 10
    [reps] => 8
    [rpe] => 3
)

[03-May-2025 20:10:17 UTC] Inserting set for exercise ID 47: weight=10, reps=8, rpe=3
[03-May-2025 20:10:17 UTC] Processing Set Data: Array
(
    [weight] => 10
    [reps] => 8
    [rpe] => 3
)

[03-May-2025 20:10:17 UTC] Inserting set for exercise ID 47: weight=10, reps=8, rpe=3
[03-May-2025 20:10:17 UTC] Processing Set Data: Array
(
    [weight] => 102
    [reps] => 8
    [rpe] => 3
)

[03-May-2025 20:10:17 UTC] Inserting set for exercise ID 47: weight=102, reps=8, rpe=3
[03-May-2025 20:16:31 UTC] Processing Set Data: Array
(
    [weight] => 10
    [reps] => 8
    [rpe] => 3
)

[03-May-2025 20:16:31 UTC] Inserting set for exercise ID 48: weight=10, reps=8, rpe=3
[03-May-2025 20:16:31 UTC] Processing Set Data: Array
(
    [weight] => 10
    [reps] => 8
    [rpe] => 3
)

[03-May-2025 20:16:31 UTC] Inserting set for exercise ID 48: weight=10, reps=8, rpe=3
[03-May-2025 20:16:31 UTC] Processing Set Data: Array
(
    [weight] => 10
    [reps] => 8
    [rpe] => 3
)

[03-May-2025 20:16:31 UTC] Inserting set for exercise ID 48: weight=10, reps=8, rpe=3
[03-May-2025 20:16:31 UTC] Processing Set Data: Array
(
    [weight] => 10
    [reps] => 8
    [rpe] => 3
)

[03-May-2025 20:16:31 UTC] Inserting set for exercise ID 49: weight=10, reps=8, rpe=3
[03-May-2025 20:16:31 UTC] Processing Set Data: Array
(
    [weight] => 10
    [reps] => 8
    [rpe] => 3
)

[03-May-2025 20:16:31 UTC] Inserting set for exercise ID 49: weight=10, reps=8, rpe=3
[03-May-2025 20:16:31 UTC] Processing Set Data: Array
(
    [weight] => 342
    [reps] => 18
    [rpe] => 3
)

[03-May-2025 20:16:31 UTC] Inserting set for exercise ID 49: weight=342, reps=18, rpe=3
[03-May-2025 20:30:31 UTC] Received workout data: Array
(
    [title] => testtt
    [type] => strength
    [duration_minutes] => 0
    [calories_burned] => 0
    [template_id] => 6
    [notes] => 
    [rating] => 3
    [total_volume] => 480
    [exercises] => Array
        (
            [0] => Array
                (
                    [name] => Pull-Up
                    [sets] => Array
                        (
                            [0] => Array
                                (
                                    [weight] => 20
                                    [reps] => 8
                                    [rpe] => 3
                                )

                            [1] => Array
                                (
                                    [weight] => 20
                                    [reps] => 8
                                    [rpe] => 3
                                )

                            [2] => Array
                                (
                                    [weight] => 20
                                    [reps] => 8
                                    [rpe] => 3
                                )

                        )

                )

        )

)

[03-May-2025 20:30:31 UTC] Notes value being saved: 
[03-May-2025 20:30:31 UTC] Processing Set Data: Array
(
    [weight] => 20
    [reps] => 8
    [rpe] => 3
)

[03-May-2025 20:30:31 UTC] Inserting set for exercise ID 50: weight=20, reps=8, rpe=3
[03-May-2025 20:30:31 UTC] Processing Set Data: Array
(
    [weight] => 20
    [reps] => 8
    [rpe] => 3
)

[03-May-2025 20:30:31 UTC] Inserting set for exercise ID 50: weight=20, reps=8, rpe=3
[03-May-2025 20:30:31 UTC] Processing Set Data: Array
(
    [weight] => 20
    [reps] => 8
    [rpe] => 3
)

[03-May-2025 20:30:31 UTC] Inserting set for exercise ID 50: weight=20, reps=8, rpe=3
[03-May-2025 20:41:57 UTC] Received workout data: Array
(
    [title] => pulk
    [type] => strength
    [duration_minutes] => 0
    [calories_burned] => 1
    [template_id] => 7
    [notes] => 
    [rating] => 3
    [total_volume] => 2448
    [exercises] => Array
        (
            [0] => Array
                (
                    [name] => Pull-Up
                    [sets] => Array
                        (
                            [0] => Array
                                (
                                    [weight] => 102
                                    [reps] => 8
                                    [rpe] => 3
                                )

                            [1] => Array
                                (
                                    [weight] => 102
                                    [reps] => 8
                                    [rpe] => 3
                                )

                            [2] => Array
                                (
                                    [weight] => 102
                                    [reps] => 8
                                    [rpe] => 3
                                )

                        )

                )

        )

)

[03-May-2025 20:41:57 UTC] Notes value being saved: 
[03-May-2025 20:41:57 UTC] Processing Set Data: Array
(
    [weight] => 102
    [reps] => 8
    [rpe] => 3
)

[03-May-2025 20:41:57 UTC] Inserting set for exercise ID 51: weight=102, reps=8, rpe=3
[03-May-2025 20:41:57 UTC] Processing Set Data: Array
(
    [weight] => 102
    [reps] => 8
    [rpe] => 3
)

[03-May-2025 20:41:57 UTC] Inserting set for exercise ID 51: weight=102, reps=8, rpe=3
[03-May-2025 20:41:57 UTC] Processing Set Data: Array
(
    [weight] => 102
    [reps] => 8
    [rpe] => 3
)

[03-May-2025 20:41:57 UTC] Inserting set for exercise ID 51: weight=102, reps=8, rpe=3
[04-May-2025 09:49:07 UTC] Received workout data: Array
(
    [title] => testtt
    [type] => strength
    [duration_minutes] => 0
    [calories_burned] => 0
    [template_id] => 6
    [notes] => 
    [rating] => 3
    [total_volume] => 2727
    [exercises] => Array
        (
            [0] => Array
                (
                    [name] => Pull-Up
                    [sets] => Array
                        (
                            [0] => Array
                                (
                                    [weight] => 101
                                    [reps] => 9
                                    [rpe] => 3
                                )

                            [1] => Array
                                (
                                    [weight] => 101
                                    [reps] => 9
                                    [rpe] => 1
                                )

                            [2] => Array
                                (
                                    [weight] => 101
                                    [reps] => 9
                                    [rpe] => 1
                                )

                        )

                )

        )

)

[04-May-2025 09:49:07 UTC] Notes value being saved: 
[04-May-2025 09:49:07 UTC] Processing Set Data: Array
(
    [weight] => 101
    [reps] => 9
    [rpe] => 3
)

[04-May-2025 09:49:07 UTC] Inserting set for exercise ID 52: weight=101, reps=9, rpe=3
[04-May-2025 09:49:07 UTC] Processing Set Data: Array
(
    [weight] => 101
    [reps] => 9
    [rpe] => 1
)

[04-May-2025 09:49:07 UTC] Inserting set for exercise ID 52: weight=101, reps=9, rpe=1
[04-May-2025 09:49:07 UTC] Processing Set Data: Array
(
    [weight] => 101
    [reps] => 9
    [rpe] => 1
)

[04-May-2025 09:49:07 UTC] Inserting set for exercise ID 52: weight=101, reps=9, rpe=1
[04-May-2025 09:56:22 UTC] Received workout data: Array
(
    [title] => pulk
    [type] => strength
    [duration_minutes] => 0
    [calories_burned] => 0
    [template_id] => 7
    [notes] => 
    [rating] => 3
    [total_volume] => 240
    [exercises] => Array
        (
            [0] => Array
                (
                    [name] => Pull-Up
                    [sets] => Array
                        (
                            [0] => Array
                                (
                                    [weight] => 10
                                    [reps] => 8
                                    [rpe] => 3
                                )

                            [1] => Array
                                (
                                    [weight] => 10
                                    [reps] => 8
                                    [rpe] => 3
                                )

                            [2] => Array
                                (
                                    [weight] => 10
                                    [reps] => 8
                                    [rpe] => 3
                                )

                        )

                )

        )

)

[04-May-2025 09:56:22 UTC] Notes value being saved: 
[04-May-2025 09:56:22 UTC] Processing Set Data: Array
(
    [weight] => 10
    [reps] => 8
    [rpe] => 3
)

[04-May-2025 09:56:22 UTC] Inserting set for exercise ID 53: weight=10, reps=8, rpe=3
[04-May-2025 09:56:22 UTC] Processing Set Data: Array
(
    [weight] => 10
    [reps] => 8
    [rpe] => 3
)

[04-May-2025 09:56:22 UTC] Inserting set for exercise ID 53: weight=10, reps=8, rpe=3
[04-May-2025 09:56:22 UTC] Processing Set Data: Array
(
    [weight] => 10
    [reps] => 8
    [rpe] => 3
)

[04-May-2025 09:56:22 UTC] Inserting set for exercise ID 53: weight=10, reps=8, rpe=3
[04-May-2025 10:01:07 UTC] Received workout data: Array
(
    [title] => pulk
    [type] => strength
    [duration_minutes] => 0
    [calories_burned] => 0
    [template_id] => 7
    [notes] => wecwecwecwec
    [rating] => 3
    [total_volume] => 160
    [exercises] => Array
        (
            [0] => Array
                (
                    [name] => Pull-Up
                    [sets] => Array
                        (
                            [0] => Array
                                (
                                    [weight] => 10
                                    [reps] => 8
                                    [rpe] => 3
                                )

                            [1] => Array
                                (
                                    [weight] => 10
                                    [reps] => 8
                                    [rpe] => 3
                                )

                        )

                )

        )

)

[04-May-2025 10:01:07 UTC] Notes value being saved: wecwecwecwec
[04-May-2025 10:01:07 UTC] Processing Set Data: Array
(
    [weight] => 10
    [reps] => 8
    [rpe] => 3
)

[04-May-2025 10:01:07 UTC] Inserting set for exercise ID 54: weight=10, reps=8, rpe=3
[04-May-2025 10:01:07 UTC] Processing Set Data: Array
(
    [weight] => 10
    [reps] => 8
    [rpe] => 3
)

[04-May-2025 10:01:07 UTC] Inserting set for exercise ID 54: weight=10, reps=8, rpe=3
[04-May-2025 10:41:16 UTC] Received workout data: Array
(
    [title] => push day
    [type] => strength
    [duration_minutes] => 0
    [calories_burned] => 1
    [template_id] => 9
    [notes] => frfewfwedwqd
    [rating] => 1
    [total_volume] => 1240
    [exercises] => Array
        (
            [0] => Array
                (
                    [name] => Bench Press
                    [sets] => Array
                        (
                            [0] => Array
                                (
                                    [weight] => 40
                                    [reps] => 13
                                    [rpe] => 5
                                )

                            [1] => Array
                                (
                                    [weight] => 60
                                    [reps] => 9
                                    [rpe] => 3
                                )

                            [2] => Array
                                (
                                    [weight] => 90
                                    [reps] => 2
                                    [rpe] => 3
                                )

                        )

                )

            [1] => Array
                (
                    [name] => Push-Up
                    [sets] => Array
                        (
                            [0] => Array
                                (
                                    [weight] => 0
                                    [reps] => 30
                                    [rpe] => 1
                                )

                            [1] => Array
                                (
                                    [weight] => 0
                                    [reps] => 20
                                    [rpe] => 1
                                )

                            [2] => Array
                                (
                                    [weight] => 0
                                    [reps] => 10
                                    [rpe] => 1
                                )

                        )

                )

            [2] => Array
                (
                    [name] => Jumping Jacks
                    [sets] => Array
                        (
                            [0] => Array
                                (
                                    [weight] => 0
                                    [reps] => 10
                                    [rpe] => 5
                                )

                            [1] => Array
                                (
                                    [weight] => 0
                                    [reps] => 10
                                    [rpe] => 5
                                )

                            [2] => Array
                                (
                                    [weight] => 0
                                    [reps] => 10
                                    [rpe] => 5
                                )

                        )

                )

        )

)

[04-May-2025 10:41:16 UTC] Notes value being saved: frfewfwedwqd
[04-May-2025 10:41:16 UTC] Processing Set Data: Array
(
    [weight] => 40
    [reps] => 13
    [rpe] => 5
)

[04-May-2025 10:41:16 UTC] Inserting set for exercise ID 55: weight=40, reps=13, rpe=5
[04-May-2025 10:41:16 UTC] Processing Set Data: Array
(
    [weight] => 60
    [reps] => 9
    [rpe] => 3
)

[04-May-2025 10:41:16 UTC] Inserting set for exercise ID 55: weight=60, reps=9, rpe=3
[04-May-2025 10:41:16 UTC] Processing Set Data: Array
(
    [weight] => 90
    [reps] => 2
    [rpe] => 3
)

[04-May-2025 10:41:16 UTC] Inserting set for exercise ID 55: weight=90, reps=2, rpe=3
[04-May-2025 10:41:16 UTC] Processing Set Data: Array
(
    [weight] => 0
    [reps] => 30
    [rpe] => 1
)

[04-May-2025 10:41:16 UTC] Inserting set for exercise ID 56: weight=0, reps=30, rpe=1
[04-May-2025 10:41:16 UTC] Processing Set Data: Array
(
    [weight] => 0
    [reps] => 20
    [rpe] => 1
)

[04-May-2025 10:41:16 UTC] Inserting set for exercise ID 56: weight=0, reps=20, rpe=1
[04-May-2025 10:41:16 UTC] Processing Set Data: Array
(
    [weight] => 0
    [reps] => 10
    [rpe] => 1
)

[04-May-2025 10:41:16 UTC] Inserting set for exercise ID 56: weight=0, reps=10, rpe=1
[04-May-2025 10:41:16 UTC] Processing Set Data: Array
(
    [weight] => 0
    [reps] => 10
    [rpe] => 5
)

[04-May-2025 10:41:16 UTC] Inserting set for exercise ID 57: weight=0, reps=10, rpe=5
[04-May-2025 10:41:16 UTC] Processing Set Data: Array
(
    [weight] => 0
    [reps] => 10
    [rpe] => 5
)

[04-May-2025 10:41:16 UTC] Inserting set for exercise ID 57: weight=0, reps=10, rpe=5
[04-May-2025 10:41:16 UTC] Processing Set Data: Array
(
    [weight] => 0
    [reps] => 10
    [rpe] => 5
)

[04-May-2025 10:41:16 UTC] Inserting set for exercise ID 57: weight=0, reps=10, rpe=5
[04-May-2025 10:48:15 UTC] Received workout data: Array
(
    [title] => testtt
    [type] => strength
    [duration_minutes] => 0
    [calories_burned] => 0
    [template_id] => 6
    [notes] => frfewfwedwqd
    [rating] => 3
    [total_volume] => 300
    [exercises] => Array
        (
            [0] => Array
                (
                    [name] => Pull-Up
                    [sets] => Array
                        (
                            [0] => Array
                                (
                                    [weight] => 10
                                    [reps] => 10
                                    [rpe] => 3
                                )

                            [1] => Array
                                (
                                    [weight] => 10
                                    [reps] => 10
                                    [rpe] => 3
                                )

                            [2] => Array
                                (
                                    [weight] => 10
                                    [reps] => 10
                                    [rpe] => 3
                                )

                        )

                )

        )

)

[04-May-2025 10:48:15 UTC] Notes value being saved: frfewfwedwqd
[04-May-2025 10:48:15 UTC] Processing Set Data: Array
(
    [weight] => 10
    [reps] => 10
    [rpe] => 3
)

[04-May-2025 10:48:15 UTC] Inserting set for exercise ID 58: weight=10, reps=10, rpe=3
[04-May-2025 10:48:15 UTC] Processing Set Data: Array
(
    [weight] => 10
    [reps] => 10
    [rpe] => 3
)

[04-May-2025 10:48:15 UTC] Inserting set for exercise ID 58: weight=10, reps=10, rpe=3
[04-May-2025 10:48:15 UTC] Processing Set Data: Array
(
    [weight] => 10
    [reps] => 10
    [rpe] => 3
)

[04-May-2025 10:48:15 UTC] Inserting set for exercise ID 58: weight=10, reps=10, rpe=3
[04-May-2025 13:10:36 UTC] Received workout data: Array
(
    [title] => testtt
    [type] => strength
    [duration_minutes] => 0.36223333333333
    [calories_burned] => 44
    [template_id] => 6
    [notes] => esdfuyglihoj
    [rating] => 4
    [total_volume] => 320
    [exercises] => Array
        (
            [0] => Array
                (
                    [name] => Pull-Up
                    [sets] => Array
                        (
                            [0] => Array
                                (
                                    [weight] => 0
                                    [reps] => 8
                                    [rpe] => 3
                                )

                            [1] => Array
                                (
                                    [weight] => 0
                                    [reps] => 8
                                    [rpe] => 1
                                )

                            [2] => Array
                                (
                                    [weight] => 40
                                    [reps] => 8
                                    [rpe] => 3
                                )

                        )

                )

        )

)

[04-May-2025 13:10:36 UTC] Notes value being saved: esdfuyglihoj
[04-May-2025 13:10:36 UTC] Processing Set Data: Array
(
    [weight] => 0
    [reps] => 8
    [rpe] => 3
)

[04-May-2025 13:10:36 UTC] Inserting set for exercise ID 59: weight=0, reps=8, rpe=3
[04-May-2025 13:10:36 UTC] Processing Set Data: Array
(
    [weight] => 0
    [reps] => 8
    [rpe] => 1
)

[04-May-2025 13:10:36 UTC] Inserting set for exercise ID 59: weight=0, reps=8, rpe=1
[04-May-2025 13:10:36 UTC] Processing Set Data: Array
(
    [weight] => 40
    [reps] => 8
    [rpe] => 3
)

[04-May-2025 13:10:36 UTC] Inserting set for exercise ID 59: weight=40, reps=8, rpe=3
[04-May-2025 13:11:17 UTC] Received workout data: Array
(
    [title] => pulk
    [type] => strength
    [duration_minutes] => 0.077683333333333
    [calories_burned] => 108
    [template_id] => 7
    [notes] => esdfuyglihoj
    [rating] => 1
    [total_volume] => 960
    [exercises] => Array
        (
            [0] => Array
                (
                    [name] => Pull-Up
                    [sets] => Array
                        (
                            [0] => Array
                                (
                                    [weight] => 40
                                    [reps] => 8
                                    [rpe] => 3
                                )

                            [1] => Array
                                (
                                    [weight] => 40
                                    [reps] => 8
                                    [rpe] => 3
                                )

                            [2] => Array
                                (
                                    [weight] => 40
                                    [reps] => 8
                                    [rpe] => 3
                                )

                        )

                )

        )

)

[04-May-2025 13:11:17 UTC] Notes value being saved: esdfuyglihoj
[04-May-2025 13:11:17 UTC] Processing Set Data: Array
(
    [weight] => 40
    [reps] => 8
    [rpe] => 3
)

[04-May-2025 13:11:17 UTC] Inserting set for exercise ID 60: weight=40, reps=8, rpe=3
[04-May-2025 13:11:17 UTC] Processing Set Data: Array
(
    [weight] => 40
    [reps] => 8
    [rpe] => 3
)

[04-May-2025 13:11:17 UTC] Inserting set for exercise ID 60: weight=40, reps=8, rpe=3
[04-May-2025 13:11:17 UTC] Processing Set Data: Array
(
    [weight] => 40
    [reps] => 8
    [rpe] => 3
)

[04-May-2025 13:11:17 UTC] Inserting set for exercise ID 60: weight=40, reps=8, rpe=3
[04-May-2025 16:06:02 UTC] Received workout data: Array
(
    [title] => pulk
    [type] => strength
    [notes] => ververv
    [duration_minutes] => 0
    [template_id] => 7
    [total_volume] => 432
    [exercises] => Array
        (
            [0] => Array
                (
                    [name] => Pull-Up
                    [sets] => Array
                        (
                            [0] => Array
                                (
                                    [weight] => 12
                                    [reps] => 12
                                    [rpe] => 
                                    [completed] => 1
                                )

                            [1] => Array
                                (
                                    [weight] => 12
                                    [reps] => 12
                                    [rpe] => 
                                    [completed] => 1
                                )

                            [2] => Array
                                (
                                    [weight] => 12
                                    [reps] => 12
                                    [rpe] => 
                                    [completed] => 1
                                )

                        )

                )

        )

)

[04-May-2025 16:06:02 UTC] Notes value being saved: ververv
[04-May-2025 16:06:02 UTC] Processing Set Data: Array
(
    [weight] => 12
    [reps] => 12
    [rpe] => 
    [completed] => 1
)

[04-May-2025 16:06:02 UTC] Inserting set for exercise ID 61: weight=12, reps=12, rpe=NULL
[04-May-2025 16:06:02 UTC] Processing Set Data: Array
(
    [weight] => 12
    [reps] => 12
    [rpe] => 
    [completed] => 1
)

[04-May-2025 16:06:02 UTC] Inserting set for exercise ID 61: weight=12, reps=12, rpe=NULL
[04-May-2025 16:06:02 UTC] Processing Set Data: Array
(
    [weight] => 12
    [reps] => 12
    [rpe] => 
    [completed] => 1
)

[04-May-2025 16:06:02 UTC] Inserting set for exercise ID 61: weight=12, reps=12, rpe=NULL
[04-May-2025 16:22:33 UTC] Received workout data: Array
(
    [title] => pulk
    [type] => strength
    [notes] => is there duration minute 1?
    [duration_minutes] => 3
    [template_id] => 7
    [total_volume] => 320
    [exercises] => Array
        (
            [0] => Array
                (
                    [name] => Pull-Up
                    [sets] => Array
                        (
                            [0] => Array
                                (
                                    [weight] => 12
                                    [reps] => 12
                                    [rpe] => 
                                    [completed] => 1
                                )

                            [1] => Array
                                (
                                    [weight] => 12
                                    [reps] => 12
                                    [rpe] => 
                                    [completed] => 1
                                )

                            [2] => Array
                                (
                                    [weight] => 32
                                    [reps] => 1
                                    [rpe] => 
                                    [completed] => 1
                                )

                        )

                )

        )

)

[04-May-2025 16:22:33 UTC] Notes value being saved: is there duration minute 1?
[04-May-2025 16:22:33 UTC] Processing Set Data: Array
(
    [weight] => 12
    [reps] => 12
    [rpe] => 
    [completed] => 1
)

[04-May-2025 16:22:33 UTC] Inserting set for exercise ID 62: weight=12, reps=12, rpe=NULL
[04-May-2025 16:22:33 UTC] Processing Set Data: Array
(
    [weight] => 12
    [reps] => 12
    [rpe] => 
    [completed] => 1
)

[04-May-2025 16:22:33 UTC] Inserting set for exercise ID 62: weight=12, reps=12, rpe=NULL
[04-May-2025 16:22:33 UTC] Processing Set Data: Array
(
    [weight] => 32
    [reps] => 1
    [rpe] => 
    [completed] => 1
)

[04-May-2025 16:22:33 UTC] Inserting set for exercise ID 62: weight=32, reps=1, rpe=NULL
[04-May-2025 17:30:28 UTC] Received workout data: Array
(
    [title] => push day
    [type] => strength
    [notes] => qdqwdqwd
    [duration_minutes] => 1
    [template_id] => 8
    [total_volume] => 2156
    [exercises] => Array
        (
            [0] => Array
                (
                    [name] => Bench Press
                    [sets] => Array
                        (
                            [0] => Array
                                (
                                    [weight] => 12
                                    [reps] => 2
                                    [rpe] => 
                                    [completed] => 1
                                )

                            [1] => Array
                                (
                                    [weight] => 22
                                    [reps] => 22
                                    [rpe] => 
                                    [completed] => 1
                                )

                            [2] => Array
                                (
                                    [weight] => 12
                                    [reps] => 12
                                    [rpe] => 
                                    [completed] => 1
                                )

                        )

                )

            [1] => Array
                (
                    [name] => Push-Up
                    [sets] => Array
                        (
                            [0] => Array
                                (
                                    [weight] => 22
                                    [reps] => 22
                                    [rpe] => 
                                    [completed] => 1
                                )

                            [1] => Array
                                (
                                    [weight] => 30
                                    [reps] => 30
                                    [rpe] => 
                                    [completed] => 1
                                )

                            [2] => Array
                                (
                                    [weight] => 12
                                    [reps] => 10
                                    [rpe] => 
                                    [completed] => 1
                                )

                        )

                )

        )

)

[04-May-2025 17:30:28 UTC] Notes value being saved: qdqwdqwd
[04-May-2025 17:30:28 UTC] Processing Set Data: Array
(
    [weight] => 12
    [reps] => 2
    [rpe] => 
    [completed] => 1
)

[04-May-2025 17:30:28 UTC] Inserting set for exercise ID 63: weight=12, reps=2, rpe=NULL
[04-May-2025 17:30:28 UTC] Processing Set Data: Array
(
    [weight] => 22
    [reps] => 22
    [rpe] => 
    [completed] => 1
)

[04-May-2025 17:30:28 UTC] Inserting set for exercise ID 63: weight=22, reps=22, rpe=NULL
[04-May-2025 17:30:28 UTC] Processing Set Data: Array
(
    [weight] => 12
    [reps] => 12
    [rpe] => 
    [completed] => 1
)

[04-May-2025 17:30:28 UTC] Inserting set for exercise ID 63: weight=12, reps=12, rpe=NULL
[04-May-2025 17:30:28 UTC] Processing Set Data: Array
(
    [weight] => 22
    [reps] => 22
    [rpe] => 
    [completed] => 1
)

[04-May-2025 17:30:28 UTC] Inserting set for exercise ID 64: weight=22, reps=22, rpe=NULL
[04-May-2025 17:30:28 UTC] Processing Set Data: Array
(
    [weight] => 30
    [reps] => 30
    [rpe] => 
    [completed] => 1
)

[04-May-2025 17:30:28 UTC] Inserting set for exercise ID 64: weight=30, reps=30, rpe=NULL
[04-May-2025 17:30:28 UTC] Processing Set Data: Array
(
    [weight] => 12
    [reps] => 10
    [rpe] => 
    [completed] => 1
)

[04-May-2025 17:30:28 UTC] Inserting set for exercise ID 64: weight=12, reps=10, rpe=NULL
[04-May-2025 17:36:22 UTC] Received workout data: Array
(
    [title] => pulk
    [type] => strength
    [notes] => 
    [duration_minutes] => 0
    [template_id] => 7
    [total_volume] => 432
    [calories_burned] => 18
    [exercises] => Array
        (
            [0] => Array
                (
                    [name] => Pull-Up
                    [sets] => Array
                        (
                            [0] => Array
                                (
                                    [weight] => 12
                                    [reps] => 12
                                    [rpe] => 
                                    [completed] => 1
                                )

                            [1] => Array
                                (
                                    [weight] => 12
                                    [reps] => 12
                                    [rpe] => 
                                    [completed] => 1
                                )

                            [2] => Array
                                (
                                    [weight] => 12
                                    [reps] => 12
                                    [rpe] => 
                                    [completed] => 1
                                )

                        )

                )

        )

)

[04-May-2025 17:36:22 UTC] Notes value being saved: 
[04-May-2025 17:36:22 UTC] Processing Set Data: Array
(
    [weight] => 12
    [reps] => 12
    [rpe] => 
    [completed] => 1
)

[04-May-2025 17:36:22 UTC] Inserting set for exercise ID 65: weight=12, reps=12, rpe=NULL
[04-May-2025 17:36:22 UTC] Processing Set Data: Array
(
    [weight] => 12
    [reps] => 12
    [rpe] => 
    [completed] => 1
)

[04-May-2025 17:36:22 UTC] Inserting set for exercise ID 65: weight=12, reps=12, rpe=NULL
[04-May-2025 17:36:22 UTC] Processing Set Data: Array
(
    [weight] => 12
    [reps] => 12
    [rpe] => 
    [completed] => 1
)

[04-May-2025 17:36:22 UTC] Inserting set for exercise ID 65: weight=12, reps=12, rpe=NULL
[05-May-2025 17:34:31 UTC] Received workout data: Array
(
    [title] => push day
    [type] => strength
    [notes] => 23ef343g34g4g44g
    [duration_minutes] => 2
    [template_id] => 11
    [total_volume] => 3420
    [calories_burned] => 141
    [exercises] => Array
        (
            [0] => Array
                (
                    [name] => Pull-Up
                    [sets] => Array
                        (
                            [0] => Array
                                (
                                    [weight] => 12
                                    [reps] => 12
                                    [rpe] => 
                                    [completed] => 1
                                )

                            [1] => Array
                                (
                                    [weight] => 12
                                    [reps] => 12
                                    [rpe] => 
                                    [completed] => 1
                                )

                            [2] => Array
                                (
                                    [weight] => 12
                                    [reps] => 21
                                    [rpe] => 
                                    [completed] => 1
                                )

                        )

                )

            [1] => Array
                (
                    [name] => Push-Up
                    [sets] => Array
                        (
                            [0] => Array
                                (
                                    [weight] => 12
                                    [reps] => 12
                                    [rpe] => 
                                    [completed] => 1
                                )

                            [1] => Array
                                (
                                    [weight] => 12
                                    [reps] => 12
                                    [rpe] => 
                                    [completed] => 1
                                )

                            [2] => Array
                                (
                                    [weight] => 12
                                    [reps] => 12
                                    [rpe] => 
                                    [completed] => 1
                                )

                        )

                )

            [2] => Array
                (
                    [name] => Plank
                    [sets] => Array
                        (
                            [0] => Array
                                (
                                    [weight] => 12
                                    [reps] => 12
                                    [rpe] => 
                                    [completed] => 1
                                )

                            [1] => Array
                                (
                                    [weight] => 12
                                    [reps] => 12
                                    [rpe] => 
                                    [completed] => 1
                                )

                            [2] => Array
                                (
                                    [weight] => 12
                                    [reps] => 12
                                    [rpe] => 
                                    [completed] => 1
                                )

                        )

                )

            [3] => Array
                (
                    [name] => Jumping Jacks
                    [sets] => Array
                        (
                            [0] => Array
                                (
                                    [weight] => 12
                                    [reps] => 12
                                    [rpe] => 
                                    [completed] => 1
                                )

                            [1] => Array
                                (
                                    [weight] => 12
                                    [reps] => 12
                                    [rpe] => 
                                    [completed] => 1
                                )

                            [2] => Array
                                (
                                    [weight] => 12
                                    [reps] => 12
                                    [rpe] => 
                                    [completed] => 1
                                )

                        )

                )

            [4] => Array
                (
                    [name] => Bench Press
                    [sets] => Array
                        (
                            [0] => Array
                                (
                                    [weight] => 12
                                    [reps] => 12
                                    [rpe] => 
                                    [completed] => 1
                                )

                            [1] => Array
                                (
                                    [weight] => 12
                                    [reps] => 12
                                    [rpe] => 
                                    [completed] => 1
                                )

                            [2] => Array
                                (
                                    [weight] => 12
                                    [reps] => 12
                                    [rpe] => 
                                    [completed] => 1
                                )

                        )

                )

            [5] => Array
                (
                    [name] => Deadlift
                    [sets] => Array
                        (
                            [0] => Array
                                (
                                    [weight] => 12
                                    [reps] => 12
                                    [rpe] => 
                                    [completed] => 1
                                )

                            [1] => Array
                                (
                                    [weight] => 12
                                    [reps] => 12
                                    [rpe] => 
                                    [completed] => 1
                                )

                            [2] => Array
                                (
                                    [weight] => 12
                                    [reps] => 12
                                    [rpe] => 
                                    [completed] => 1
                                )

                        )

                )

            [6] => Array
                (
                    [name] => Dumbbell Shoulder Press
                    [sets] => Array
                        (
                            [0] => Array
                                (
                                    [weight] => 12
                                    [reps] => 12
                                    [rpe] => 
                                    [completed] => 1
                                )

                            [1] => Array
                                (
                                    [weight] => 12
                                    [reps] => 12
                                    [rpe] => 
                                    [completed] => 1
                                )

                            [2] => Array
                                (
                                    [weight] => 12
                                    [reps] => 12
                                    [rpe] => 
                                    [completed] => 1
                                )

                            [3] => Array
                                (
                                    [weight] => 12
                                    [reps] => 12
                                    [rpe] => 
                                    [completed] => 1
                                )

                            [4] => Array
                                (
                                    [weight] => 12
                                    [reps] => 12
                                    [rpe] => 
                                    [completed] => 1
                                )

                        )

                )

        )

)

[05-May-2025 17:34:31 UTC] Notes value being saved: 23ef343g34g4g44g
[05-May-2025 17:34:31 UTC] Processing Set Data: Array
(
    [weight] => 12
    [reps] => 12
    [rpe] => 
    [completed] => 1
)

[05-May-2025 17:34:31 UTC] Inserting set for exercise ID 66: weight=12, reps=12, rpe=NULL
[05-May-2025 17:34:31 UTC] Processing Set Data: Array
(
    [weight] => 12
    [reps] => 12
    [rpe] => 
    [completed] => 1
)

[05-May-2025 17:34:31 UTC] Inserting set for exercise ID 66: weight=12, reps=12, rpe=NULL
[05-May-2025 17:34:31 UTC] Processing Set Data: Array
(
    [weight] => 12
    [reps] => 21
    [rpe] => 
    [completed] => 1
)

[05-May-2025 17:34:31 UTC] Inserting set for exercise ID 66: weight=12, reps=21, rpe=NULL
[05-May-2025 17:34:31 UTC] Processing Set Data: Array
(
    [weight] => 12
    [reps] => 12
    [rpe] => 
    [completed] => 1
)

[05-May-2025 17:34:31 UTC] Inserting set for exercise ID 67: weight=12, reps=12, rpe=NULL
[05-May-2025 17:34:31 UTC] Processing Set Data: Array
(
    [weight] => 12
    [reps] => 12
    [rpe] => 
    [completed] => 1
)

[05-May-2025 17:34:31 UTC] Inserting set for exercise ID 67: weight=12, reps=12, rpe=NULL
[05-May-2025 17:34:31 UTC] Processing Set Data: Array
(
    [weight] => 12
    [reps] => 12
    [rpe] => 
    [completed] => 1
)

[05-May-2025 17:34:31 UTC] Inserting set for exercise ID 67: weight=12, reps=12, rpe=NULL
[05-May-2025 17:34:31 UTC] Processing Set Data: Array
(
    [weight] => 12
    [reps] => 12
    [rpe] => 
    [completed] => 1
)

[05-May-2025 17:34:31 UTC] Inserting set for exercise ID 68: weight=12, reps=12, rpe=NULL
[05-May-2025 17:34:31 UTC] Processing Set Data: Array
(
    [weight] => 12
    [reps] => 12
    [rpe] => 
    [completed] => 1
)

[05-May-2025 17:34:31 UTC] Inserting set for exercise ID 68: weight=12, reps=12, rpe=NULL
[05-May-2025 17:34:31 UTC] Processing Set Data: Array
(
    [weight] => 12
    [reps] => 12
    [rpe] => 
    [completed] => 1
)

[05-May-2025 17:34:31 UTC] Inserting set for exercise ID 68: weight=12, reps=12, rpe=NULL
[05-May-2025 17:34:31 UTC] Processing Set Data: Array
(
    [weight] => 12
    [reps] => 12
    [rpe] => 
    [completed] => 1
)

[05-May-2025 17:34:31 UTC] Inserting set for exercise ID 69: weight=12, reps=12, rpe=NULL
[05-May-2025 17:34:31 UTC] Processing Set Data: Array
(
    [weight] => 12
    [reps] => 12
    [rpe] => 
    [completed] => 1
)

[05-May-2025 17:34:31 UTC] Inserting set for exercise ID 69: weight=12, reps=12, rpe=NULL
[05-May-2025 17:34:31 UTC] Processing Set Data: Array
(
    [weight] => 12
    [reps] => 12
    [rpe] => 
    [completed] => 1
)

[05-May-2025 17:34:31 UTC] Inserting set for exercise ID 69: weight=12, reps=12, rpe=NULL
[05-May-2025 17:34:31 UTC] Processing Set Data: Array
(
    [weight] => 12
    [reps] => 12
    [rpe] => 
    [completed] => 1
)

[05-May-2025 17:34:31 UTC] Inserting set for exercise ID 70: weight=12, reps=12, rpe=NULL
[05-May-2025 17:34:31 UTC] Processing Set Data: Array
(
    [weight] => 12
    [reps] => 12
    [rpe] => 
    [completed] => 1
)

[05-May-2025 17:34:31 UTC] Inserting set for exercise ID 70: weight=12, reps=12, rpe=NULL
[05-May-2025 17:34:31 UTC] Processing Set Data: Array
(
    [weight] => 12
    [reps] => 12
    [rpe] => 
    [completed] => 1
)

[05-May-2025 17:34:31 UTC] Inserting set for exercise ID 70: weight=12, reps=12, rpe=NULL
[05-May-2025 17:34:31 UTC] Processing Set Data: Array
(
    [weight] => 12
    [reps] => 12
    [rpe] => 
    [completed] => 1
)

[05-May-2025 17:34:31 UTC] Inserting set for exercise ID 71: weight=12, reps=12, rpe=NULL
[05-May-2025 17:34:31 UTC] Processing Set Data: Array
(
    [weight] => 12
    [reps] => 12
    [rpe] => 
    [completed] => 1
)

[05-May-2025 17:34:31 UTC] Inserting set for exercise ID 71: weight=12, reps=12, rpe=NULL
[05-May-2025 17:34:31 UTC] Processing Set Data: Array
(
    [weight] => 12
    [reps] => 12
    [rpe] => 
    [completed] => 1
)

[05-May-2025 17:34:31 UTC] Inserting set for exercise ID 71: weight=12, reps=12, rpe=NULL
[05-May-2025 17:34:31 UTC] Processing Set Data: Array
(
    [weight] => 12
    [reps] => 12
    [rpe] => 
    [completed] => 1
)

[05-May-2025 17:34:31 UTC] Inserting set for exercise ID 72: weight=12, reps=12, rpe=NULL
[05-May-2025 17:34:31 UTC] Processing Set Data: Array
(
    [weight] => 12
    [reps] => 12
    [rpe] => 
    [completed] => 1
)

[05-May-2025 17:34:31 UTC] Inserting set for exercise ID 72: weight=12, reps=12, rpe=NULL
[05-May-2025 17:34:31 UTC] Processing Set Data: Array
(
    [weight] => 12
    [reps] => 12
    [rpe] => 
    [completed] => 1
)

[05-May-2025 17:34:31 UTC] Inserting set for exercise ID 72: weight=12, reps=12, rpe=NULL
[05-May-2025 17:34:31 UTC] Processing Set Data: Array
(
    [weight] => 12
    [reps] => 12
    [rpe] => 
    [completed] => 1
)

[05-May-2025 17:34:31 UTC] Inserting set for exercise ID 72: weight=12, reps=12, rpe=NULL
[05-May-2025 17:34:31 UTC] Processing Set Data: Array
(
    [weight] => 12
    [reps] => 12
    [rpe] => 
    [completed] => 1
)

[05-May-2025 17:34:31 UTC] Inserting set for exercise ID 72: weight=12, reps=12, rpe=NULL
[05-May-2025 18:17:54 UTC] Received workout data: Array
(
    [title] => push day
    [type] => strength
    [duration_minutes] => 0.68341666666667
    [calories_burned] => 460
    [template_id] => 11
    [notes] => 
    [rating] => 5
    [total_volume] => 3312
    [exercises] => Array
        (
            [0] => Array
                (
                    [name] => Pull-Up
                    [sets] => Array
                        (
                            [0] => Array
                                (
                                    [weight] => 12
                                    [reps] => 12
                                    [rpe] => 3
                                )

                            [1] => Array
                                (
                                    [weight] => 12
                                    [reps] => 12
                                    [rpe] => 3
                                )

                            [2] => Array
                                (
                                    [weight] => 12
                                    [reps] => 12
                                    [rpe] => 3
                                )

                        )

                )

            [1] => Array
                (
                    [name] => Push-Up
                    [sets] => Array
                        (
                            [0] => Array
                                (
                                    [weight] => 12
                                    [reps] => 12
                                    [rpe] => 3
                                )

                            [1] => Array
                                (
                                    [weight] => 12
                                    [reps] => 12
                                    [rpe] => 3
                                )

                            [2] => Array
                                (
                                    [weight] => 12
                                    [reps] => 12
                                    [rpe] => 3
                                )

                        )

                )

            [2] => Array
                (
                    [name] => Plank
                    [sets] => Array
                        (
                            [0] => Array
                                (
                                    [weight] => 12
                                    [reps] => 12
                                    [rpe] => 3
                                )

                            [1] => Array
                                (
                                    [weight] => 12
                                    [reps] => 12
                                    [rpe] => 3
                                )

                            [2] => Array
                                (
                                    [weight] => 12
                                    [reps] => 12
                                    [rpe] => 3
                                )

                        )

                )

            [3] => Array
                (
                    [name] => Jumping Jacks
                    [sets] => Array
                        (
                            [0] => Array
                                (
                                    [weight] => 12
                                    [reps] => 12
                                    [rpe] => 3
                                )

                            [1] => Array
                                (
                                    [weight] => 12
                                    [reps] => 12
                                    [rpe] => 3
                                )

                            [2] => Array
                                (
                                    [weight] => 12
                                    [reps] => 12
                                    [rpe] => 3
                                )

                        )

                )

            [4] => Array
                (
                    [name] => Bench Press
                    [sets] => Array
                        (
                            [0] => Array
                                (
                                    [weight] => 12
                                    [reps] => 12
                                    [rpe] => 3
                                )

                            [1] => Array
                                (
                                    [weight] => 12
                                    [reps] => 12
                                    [rpe] => 3
                                )

                            [2] => Array
                                (
                                    [weight] => 12
                                    [reps] => 12
                                    [rpe] => 3
                                )

                        )

                )

            [5] => Array
                (
                    [name] => Deadlift
                    [sets] => Array
                        (
                            [0] => Array
                                (
                                    [weight] => 12
                                    [reps] => 12
                                    [rpe] => 3
                                )

                            [1] => Array
                                (
                                    [weight] => 12
                                    [reps] => 12
                                    [rpe] => 3
                                )

                            [2] => Array
                                (
                                    [weight] => 12
                                    [reps] => 12
                                    [rpe] => 3
                                )

                        )

                )

            [6] => Array
                (
                    [name] => Dumbbell Shoulder Press
                    [sets] => Array
                        (
                            [0] => Array
                                (
                                    [weight] => 12
                                    [reps] => 12
                                    [rpe] => 3
                                )

                            [1] => Array
                                (
                                    [weight] => 12
                                    [reps] => 12
                                    [rpe] => 3
                                )

                            [2] => Array
                                (
                                    [weight] => 12
                                    [reps] => 12
                                    [rpe] => 3
                                )

                            [3] => Array
                                (
                                    [weight] => 12
                                    [reps] => 12
                                    [rpe] => 3
                                )

                            [4] => Array
                                (
                                    [weight] => 12
                                    [reps] => 12
                                    [rpe] => 3
                                )

                        )

                )

        )

)

[05-May-2025 18:17:54 UTC] Notes value being saved: 
[05-May-2025 18:17:54 UTC] Processing Set Data: Array
(
    [weight] => 12
    [reps] => 12
    [rpe] => 3
)

[05-May-2025 18:17:54 UTC] Inserting set for exercise ID 73: weight=12, reps=12, rpe=3
[05-May-2025 18:17:54 UTC] Processing Set Data: Array
(
    [weight] => 12
    [reps] => 12
    [rpe] => 3
)

[05-May-2025 18:17:54 UTC] Inserting set for exercise ID 73: weight=12, reps=12, rpe=3
[05-May-2025 18:17:54 UTC] Processing Set Data: Array
(
    [weight] => 12
    [reps] => 12
    [rpe] => 3
)

[05-May-2025 18:17:54 UTC] Inserting set for exercise ID 73: weight=12, reps=12, rpe=3
[05-May-2025 18:17:54 UTC] Processing Set Data: Array
(
    [weight] => 12
    [reps] => 12
    [rpe] => 3
)

[05-May-2025 18:17:54 UTC] Inserting set for exercise ID 74: weight=12, reps=12, rpe=3
[05-May-2025 18:17:54 UTC] Processing Set Data: Array
(
    [weight] => 12
    [reps] => 12
    [rpe] => 3
)

[05-May-2025 18:17:54 UTC] Inserting set for exercise ID 74: weight=12, reps=12, rpe=3
[05-May-2025 18:17:54 UTC] Processing Set Data: Array
(
    [weight] => 12
    [reps] => 12
    [rpe] => 3
)

[05-May-2025 18:17:54 UTC] Inserting set for exercise ID 74: weight=12, reps=12, rpe=3
[05-May-2025 18:17:54 UTC] Processing Set Data: Array
(
    [weight] => 12
    [reps] => 12
    [rpe] => 3
)

[05-May-2025 18:17:54 UTC] Inserting set for exercise ID 75: weight=12, reps=12, rpe=3
[05-May-2025 18:17:54 UTC] Processing Set Data: Array
(
    [weight] => 12
    [reps] => 12
    [rpe] => 3
)

[05-May-2025 18:17:54 UTC] Inserting set for exercise ID 75: weight=12, reps=12, rpe=3
[05-May-2025 18:17:54 UTC] Processing Set Data: Array
(
    [weight] => 12
    [reps] => 12
    [rpe] => 3
)

[05-May-2025 18:17:54 UTC] Inserting set for exercise ID 75: weight=12, reps=12, rpe=3
[05-May-2025 18:17:54 UTC] Processing Set Data: Array
(
    [weight] => 12
    [reps] => 12
    [rpe] => 3
)

[05-May-2025 18:17:54 UTC] Inserting set for exercise ID 76: weight=12, reps=12, rpe=3
[05-May-2025 18:17:54 UTC] Processing Set Data: Array
(
    [weight] => 12
    [reps] => 12
    [rpe] => 3
)

[05-May-2025 18:17:54 UTC] Inserting set for exercise ID 76: weight=12, reps=12, rpe=3
[05-May-2025 18:17:54 UTC] Processing Set Data: Array
(
    [weight] => 12
    [reps] => 12
    [rpe] => 3
)

[05-May-2025 18:17:54 UTC] Inserting set for exercise ID 76: weight=12, reps=12, rpe=3
[05-May-2025 18:17:54 UTC] Processing Set Data: Array
(
    [weight] => 12
    [reps] => 12
    [rpe] => 3
)

[05-May-2025 18:17:54 UTC] Inserting set for exercise ID 77: weight=12, reps=12, rpe=3
[05-May-2025 18:17:54 UTC] Processing Set Data: Array
(
    [weight] => 12
    [reps] => 12
    [rpe] => 3
)

[05-May-2025 18:17:54 UTC] Inserting set for exercise ID 77: weight=12, reps=12, rpe=3
[05-May-2025 18:17:54 UTC] Processing Set Data: Array
(
    [weight] => 12
    [reps] => 12
    [rpe] => 3
)

[05-May-2025 18:17:54 UTC] Inserting set for exercise ID 77: weight=12, reps=12, rpe=3
[05-May-2025 18:17:54 UTC] Processing Set Data: Array
(
    [weight] => 12
    [reps] => 12
    [rpe] => 3
)

[05-May-2025 18:17:54 UTC] Inserting set for exercise ID 78: weight=12, reps=12, rpe=3
[05-May-2025 18:17:54 UTC] Processing Set Data: Array
(
    [weight] => 12
    [reps] => 12
    [rpe] => 3
)

[05-May-2025 18:17:54 UTC] Inserting set for exercise ID 78: weight=12, reps=12, rpe=3
[05-May-2025 18:17:54 UTC] Processing Set Data: Array
(
    [weight] => 12
    [reps] => 12
    [rpe] => 3
)

[05-May-2025 18:17:54 UTC] Inserting set for exercise ID 78: weight=12, reps=12, rpe=3
[05-May-2025 18:17:54 UTC] Processing Set Data: Array
(
    [weight] => 12
    [reps] => 12
    [rpe] => 3
)

[05-May-2025 18:17:54 UTC] Inserting set for exercise ID 79: weight=12, reps=12, rpe=3
[05-May-2025 18:17:54 UTC] Processing Set Data: Array
(
    [weight] => 12
    [reps] => 12
    [rpe] => 3
)

[05-May-2025 18:17:54 UTC] Inserting set for exercise ID 79: weight=12, reps=12, rpe=3
[05-May-2025 18:17:54 UTC] Processing Set Data: Array
(
    [weight] => 12
    [reps] => 12
    [rpe] => 3
)

[05-May-2025 18:17:54 UTC] Inserting set for exercise ID 79: weight=12, reps=12, rpe=3
[05-May-2025 18:17:54 UTC] Processing Set Data: Array
(
    [weight] => 12
    [reps] => 12
    [rpe] => 3
)

[05-May-2025 18:17:54 UTC] Inserting set for exercise ID 79: weight=12, reps=12, rpe=3
[05-May-2025 18:17:54 UTC] Processing Set Data: Array
(
    [weight] => 12
    [reps] => 12
    [rpe] => 3
)

[05-May-2025 18:17:54 UTC] Inserting set for exercise ID 79: weight=12, reps=12, rpe=3
